[error] [2024-05-16T08:07:35.189Z] : × Error in parsing CLI command : Error: Cannot find module 'express'
Require stack:
- C:\Users\USER\Desktop\CALLTRAIL\CallTrail-Optimize\main\crm_app\server\index.js
- C:\Users\USER\AppData\Roaming\npm\node_modules\zoho-extension-toolkit\lib\commands\run.js
- C:\Users\USER\AppData\Roaming\npm\node_modules\zoho-extension-toolkit\index.js
    at Module._resolveFilename (node:internal/modules/cjs/loader:1140:15)
    at Module._load (node:internal/modules/cjs/loader:981:27)
    at Module.require (node:internal/modules/cjs/loader:1231:19)
    at require (node:internal/modules/helpers:177:18)
    at Object.<anonymous> (C:\Users\USER\Desktop\CALLTRAIL\CallTrail-Optimize\main\crm_app\server\index.js:7:15)
    at Module._compile (node:internal/modules/cjs/loader:1364:14)
    at Module._extensions..js (node:internal/modules/cjs/loader:1422:10)
    at Module.load (node:internal/modules/cjs/loader:1203:32)
    at Module._load (node:internal/modules/cjs/loader:1019:12)
    at Module.require (node:internal/modules/cjs/loader:1231:19)
[error] [2024-08-20T01:31:16.907Z] : × Below file formats are not allowed in Sigma
[info] [2024-08-20T01:31:16.909Z] :  ==> app\favicon.ico
[info] [2024-08-20T01:31:16.910Z] :  ==> app\static\css\main.90dc3ab6.css.map
[info] [2024-08-20T01:31:16.910Z] :  ==> app\static\js\main.44394f39.js.map
[info] [2024-08-20T01:31:16.911Z] : Note - File formats that can be packed are: txt, md, xml, dre, jpg, jpeg, png, gif, css, js, html, json, mp3, svg, woff, ttf, eot, webm, mp4, and woff2
[error] [2024-08-20T01:31:16.919Z] : × Below file formats are not allowed in Sigma
[info] [2024-08-20T01:31:16.920Z] :  ==> app\favicon.ico
[info] [2024-08-20T01:31:16.920Z] :  ==> app\static\css\main.90dc3ab6.css.map
[info] [2024-08-20T01:31:16.921Z] :  ==> app\static\js\main.44394f39.js.map
[info] [2024-08-20T01:31:16.921Z] : Note - File formats that can be packed are: txt, md, xml, dre, jpg, jpeg, png, gif, css, js, html, json, mp3, svg, woff, ttf, eot, webm, mp4, and woff2
